#
# There is insufficient memory for the Java Runtime Environment to continue.
# Native memory allocation (malloc) failed to allocate 1048576 bytes. Error detail: AllocateHeap
# Possible reasons:
#   The system is out of physical RAM or swap space
#   This process is running with CompressedOops enabled, and the Java Heap may be blocking the growth of the native heap
# Possible solutions:
#   Reduce memory load on the system
#   Increase physical memory or swap space
#   Check if swap backing store is full
#   Decrease Java heap size (-Xmx/-Xms)
#   Decrease number of Java threads
#   Decrease Java thread stack sizes (-Xss)
#   Set larger code cache with -XX:ReservedCodeCacheSize=
#   JVM is running with Unscaled Compressed Oops mode in which the Java heap is
#     placed in the first 4GB address space. The Java Heap base address is the
#     maximum limit for the native heap growth. Please use -XX:HeapBaseMinAddress
#     to set the Java Heap base and to place the Java Heap above 4GB virtual address.
# This output file may be truncated or incomplete.
#
#  Out of Memory Error (allocation.cpp:44), pid=492, tid=16668
#
# JRE version:  (21.0.8+9) (build )
# Java VM: OpenJDK 64-Bit Server VM (21.0.8+9-LTS, mixed mode, tiered, compressed oops, compressed class ptrs, parallel gc, windows-amd64)
# No core dump will be written. Minidumps are not enabled by default on client versions of Windows
#

---------------  S U M M A R Y ------------

Command Line: --add-modules=ALL-SYSTEM --add-opens=java.base/java.util=ALL-UNNAMED --add-opens=java.base/java.lang=ALL-UNNAMED --add-opens=java.base/sun.nio.fs=ALL-UNNAMED -Declipse.application=org.eclipse.jdt.ls.core.id1 -Dosgi.bundles.defaultStartLevel=4 -Declipse.product=org.eclipse.jdt.ls.core.product -Djava.import.generatesMetadataFilesAtProjectRoot=false -DDetectVMInstallationsJob.disabled=true -Dfile.encoding=utf8 -XX:+UseParallelGC -XX:GCTimeRatio=4 -XX:AdaptiveSizePolicyWeight=90 -Dsun.zip.disableMemoryMapping=true -Xmx2G -Xms100m -Xlog:disable -javaagent:c:\Users\123\.vscode\extensions\redhat.java-1.47.0-win32-x64\lombok\lombok-1.18.39-4050.jar -XX:+HeapDumpOnOutOfMemoryError -XX:HeapDumpPath=c:\Users\123\AppData\Roaming\Code\User\workspaceStorage\6efb7a6c82afd05b472d807927ea499a\redhat.java -Daether.dependencyCollector.impl=bf c:\Users\123\.vscode\extensions\redhat.java-1.47.0-win32-x64\server\plugins\org.eclipse.equinox.launcher_1.7.100.v20251014-1222.jar -configuration c:\Users\123\AppData\Roaming\Code\User\globalStorage\redhat.java\1.47.0\config_win -data c:\Users\123\AppData\Roaming\Code\User\workspaceStorage\6efb7a6c82afd05b472d807927ea499a\redhat.java\jdt_ws --pipe=\\.\pipe\lsp-4d80f705b35af02ded1ae20177926c6a-sock

Host: Intel(R) Core(TM) i5-6300U CPU @ 2.40GHz, 4 cores, 7G,  Windows 10 , 64 bit Build 19041 (10.0.19041.5915)
Time: Sat Nov  8 18:09:06 2025 Pakistan Standard Time elapsed time: 0.386110 seconds (0d 0h 0m 0s)

---------------  T H R E A D  ---------------

Current thread (0x0000016948f662d0):  JavaThread "Unknown thread" [_thread_in_vm, id=16668, stack(0x000000374e300000,0x000000374e400000) (1024K)]

Stack: [0x000000374e300000,0x000000374e400000]
Native frames: (J=compiled Java code, j=interpreted, Vv=VM code, C=native code)
V  [jvm.dll+0x6d2449]
V  [jvm.dll+0x8ae341]
V  [jvm.dll+0x8b08be]
V  [jvm.dll+0x8b0fa3]
V  [jvm.dll+0x280c96]
V  [jvm.dll+0xc0347]
V  [jvm.dll+0x706540]
V  [jvm.dll+0x7070ac]
V  [jvm.dll+0x6e0f43]
V  [jvm.dll+0x877c7c]
V  [jvm.dll+0x3becec]
V  [jvm.dll+0x8606d8]
V  [jvm.dll+0x4530ee]
V  [jvm.dll+0x454d31]
C  [jli.dll+0x5278]
C  [ucrtbase.dll+0x21bb2]
C  [KERNEL32.DLL+0x17374]
C  [ntdll.dll+0x4cc91]


---------------  P R O C E S S  ---------------

Threads class SMR info:
_java_thread_list=0x000001694b2e9130, length=1, elements={
0x0000016948f662d0
}

Java Threads: ( => current thread )
=>0x0000016948f662d0 JavaThread "Unknown thread"             [_thread_in_vm, id=16668, stack(0x000000374e300000,0x000000374e400000) (1024K)]
Total: 1

Other Threads:
  0x000001694b2e9e20 WatcherThread "VM Periodic Task Thread"        [id=5804, stack(0x000000374e500000,0x000000374e600000) (1024K)]
  0x000001694b29d650 WorkerThread "GC Thread#0"                     [id=7296, stack(0x000000374e400000,0x000000374e500000) (1024K)]
Total: 2

Threads with active compile tasks:
Total: 0

VM state: not at safepoint (normal execution)

VM Mutex/Monitor currently owned by a thread: None

Heap address: 0x0000000080000000, size: 2048 MB, Compressed Oops mode: 32-bit

CDS archive(s) not mapped
Compressed class space mapped at: 0x0000000100000000-0x0000000140000000, reserved size: 1073741824
Narrow klass base: 0x0000000000000000, Narrow klass shift: 3, Narrow klass range: 0x140000000

GC Precious Log:
 CardTable entry size: 512
 CPUs: 4 total, 4 available
 Memory: 8072M
 Large Page Support: Disabled
 NUMA Support: Disabled
 Compressed Oops: Enabled (32-bit)
 Alignments: Space 512K, Generation 512K, Heap 2M
 Heap Min Capacity: 100M
 Heap Initial Capacity: 100M
 Heap Max Capacity: 2G
 Pre-touch: Disabled
 Parallel Workers: 4

Heap:
 PSYoungGen      total 29696K, used 512K [0x00000000d5580000, 0x00000000d7680000, 0x0000000100000000)
  eden space 25600K, 2% used [0x00000000d5580000,0x00000000d5600070,0x00000000d6e80000)
  from space 4096K, 0% used [0x00000000d7280000,0x00000000d7280000,0x00000000d7680000)
  to   space 4096K, 0% used [0x00000000d6e80000,0x00000000d6e80000,0x00000000d7280000)
 ParOldGen       total 68608K, used 0K [0x0000000080000000, 0x0000000084300000, 0x00000000d5580000)
  object space 68608K, 0% used [0x0000000080000000,0x0000000080000000,0x0000000084300000)
 Metaspace       used 1396K, committed 1472K, reserved 1114112K
  class space    used 112K, committed 128K, reserved 1048576K

Card table byte_map: [0x000001694ac30000,0x000001694b040000] _byte_map_base: 0x000001694a830000

Marking Bits: (ParMarkBitMap*) 0x00007ff9dce9a340
 Begin Bits: [0x000001695d730000, 0x000001695f730000)
 End Bits:   [0x000001695f730000, 0x0000016961730000)

Polling page: 0x0000016949170000

Metaspace:

Usage:
  Non-class:      1.25 MB used.
      Class:    112.47 KB used.
       Both:      1.36 MB used.

Virtual space:
  Non-class space:       64.00 MB reserved,       1.31 MB (  2%) committed,  1 nodes.
      Class space:        1.00 GB reserved,     128.00 KB ( <1%) committed,  1 nodes.
             Both:        1.06 GB reserved,       1.44 MB ( <1%) committed. 

Chunk freelists:
   Non-Class:  12.00 MB
       Class:  15.75 MB
        Both:  27.75 MB

MaxMetaspaceSize: unlimited
CompressedClassSpaceSize: 1.00 GB
Initial GC threshold: 21.00 MB
Current GC threshold: 17179869184.00 GB
CDS: off
 - commit_granule_bytes: 65536.
 - commit_granule_words: 8192.
 - virtual_space_node_default_size: 8388608.
 - enlarge_chunks_in_place: 1.
 - use_allocation_guard: 0.


Internal statistics:

num_allocs_failed_limit: 0.
num_arena_births: 2.
num_arena_deaths: 0.
num_vsnodes_births: 2.
num_vsnodes_deaths: 0.
num_space_committed: 23.
num_space_uncommitted: 0.
num_chunks_returned_to_freelist: 0.
num_chunks_taken_from_freelist: 3.
num_chunk_merges: 0.
num_chunk_splits: 2.
num_chunks_enlarged: 0.
num_inconsistent_stats: 0.

CodeHeap 'non-profiled nmethods': size=120000Kb used=0Kb max_used=0Kb free=120000Kb
 bounds [0x0000016955f50000, 0x00000169561c0000, 0x000001695d480000]
CodeHeap 'profiled nmethods': size=120000Kb used=0Kb max_used=0Kb free=120000Kb
 bounds [0x000001694e480000, 0x000001694e6f0000, 0x00000169559b0000]
CodeHeap 'non-nmethods': size=5760Kb used=194Kb max_used=342Kb free=5565Kb
 bounds [0x00000169559b0000, 0x0000016955c20000, 0x0000016955f50000]
CodeCache: size=245760Kb, used=194Kb, max_used=342Kb, free=245565Kb
 total_blobs=70, nmethods=0, adapters=48, full_count=0
Compilation: enabled, stopped_count=0, restarted_count=0

Compilation events (0 events):
No events

GC Heap History (0 events):
No events

Dll operation events (2 events):
Event: 0.066 Loaded shared library c:\Users\123\.vscode\extensions\redhat.java-1.47.0-win32-x64\jre\21.0.8-win32-x86_64\bin\java.dll
Event: 0.175 Loaded shared library c:\Users\123\.vscode\extensions\redhat.java-1.47.0-win32-x64\jre\21.0.8-win32-x86_64\bin\zip.dll

Deoptimization events (0 events):
No events

Classes loaded (20 events):
Event: 0.324 Loading class java/util/Iterator
Event: 0.325 Loading class java/util/Iterator done
Event: 0.325 Loading class java/lang/reflect/RecordComponent
Event: 0.325 Loading class java/lang/reflect/RecordComponent done
Event: 0.325 Loading class jdk/internal/vm/vector/VectorSupport
Event: 0.326 Loading class jdk/internal/vm/vector/VectorSupport done
Event: 0.326 Loading class jdk/internal/vm/vector/VectorSupport$VectorPayload
Event: 0.327 Loading class jdk/internal/vm/vector/VectorSupport$VectorPayload done
Event: 0.327 Loading class jdk/internal/vm/vector/VectorSupport$Vector
Event: 0.327 Loading class jdk/internal/vm/vector/VectorSupport$Vector done
Event: 0.327 Loading class jdk/internal/vm/vector/VectorSupport$VectorMask
Event: 0.327 Loading class jdk/internal/vm/vector/VectorSupport$VectorMask done
Event: 0.327 Loading class jdk/internal/vm/vector/VectorSupport$VectorShuffle
Event: 0.328 Loading class jdk/internal/vm/vector/VectorSupport$VectorShuffle done
Event: 0.328 Loading class jdk/internal/vm/FillerObject
Event: 0.328 Loading class jdk/internal/vm/FillerObject done
Event: 0.352 Loading class java/lang/NullPointerException
Event: 0.353 Loading class java/lang/NullPointerException done
Event: 0.353 Loading class java/lang/ArithmeticException
Event: 0.353 Loading class java/lang/ArithmeticException done

Classes unloaded (0 events):
No events

Classes redefined (0 events):
No events

Internal exceptions (0 events):
No events

ZGC Phase Switch (0 events):
No events

VM Operations (0 events):
No events

Memory protections (0 events):
No events

Nmethod flushes (0 events):
No events

Events (1 events):
Event: 0.172 Thread 0x0000016948f662d0 Thread added: 0x0000016948f662d0


Dynamic libraries:
0x00007ff7991c0000 - 0x00007ff7991ce000 	c:\Users\123\.vscode\extensions\redhat.java-1.47.0-win32-x64\jre\21.0.8-win32-x86_64\bin\java.exe
0x00007ffa8c2d0000 - 0x00007ffa8c4c8000 	C:\Windows\SYSTEM32\ntdll.dll
0x00007ffa8a2f0000 - 0x00007ffa8a3b2000 	C:\Windows\System32\KERNEL32.DLL
0x00007ffa89ce0000 - 0x00007ffa89fd6000 	C:\Windows\System32\KERNELBASE.dll
0x00007ffa8a010000 - 0x00007ffa8a110000 	C:\Windows\System32\ucrtbase.dll
0x00007ffa68db0000 - 0x00007ffa68dc8000 	c:\Users\123\.vscode\extensions\redhat.java-1.47.0-win32-x64\jre\21.0.8-win32-x86_64\bin\jli.dll
0x00007ffa8ada0000 - 0x00007ffa8af41000 	C:\Windows\System32\USER32.dll
0x00007ffa8a2c0000 - 0x00007ffa8a2e2000 	C:\Windows\System32\win32u.dll
0x00007ffa8b020000 - 0x00007ffa8b04b000 	C:\Windows\System32\GDI32.dll
0x00007ffa8a1a0000 - 0x00007ffa8a2b9000 	C:\Windows\System32\gdi32full.dll
0x00007ffa89c40000 - 0x00007ffa89cdd000 	C:\Windows\System32\msvcp_win.dll
0x00007ffa68b20000 - 0x00007ffa68b3e000 	c:\Users\123\.vscode\extensions\redhat.java-1.47.0-win32-x64\jre\21.0.8-win32-x86_64\bin\VCRUNTIME140.dll
0x00007ffa73b10000 - 0x00007ffa73dab000 	C:\Windows\WinSxS\amd64_microsoft.windows.common-controls_6595b64144ccf1df_6.0.19041.6456_none_60b8a6cb71f64256\COMCTL32.dll
0x00007ffa8bad0000 - 0x00007ffa8bb6e000 	C:\Windows\System32\msvcrt.dll
0x00007ffa8b9e0000 - 0x00007ffa8ba0f000 	C:\Windows\System32\IMM32.DLL
0x00007ffa7f320000 - 0x00007ffa7f32c000 	c:\Users\123\.vscode\extensions\redhat.java-1.47.0-win32-x64\jre\21.0.8-win32-x86_64\bin\vcruntime140_1.dll
0x00007ffa4cc30000 - 0x00007ffa4ccbd000 	c:\Users\123\.vscode\extensions\redhat.java-1.47.0-win32-x64\jre\21.0.8-win32-x86_64\bin\msvcp140.dll
0x00007ff9dc1e0000 - 0x00007ff9dcf77000 	c:\Users\123\.vscode\extensions\redhat.java-1.47.0-win32-x64\jre\21.0.8-win32-x86_64\bin\server\jvm.dll
0x00007ffa8ba10000 - 0x00007ffa8bac1000 	C:\Windows\System32\ADVAPI32.dll
0x00007ffa8b2f0000 - 0x00007ffa8b38f000 	C:\Windows\System32\sechost.dll
0x00007ffa8bf30000 - 0x00007ffa8c050000 	C:\Windows\System32\RPCRT4.dll
0x00007ffa89fe0000 - 0x00007ffa8a007000 	C:\Windows\System32\bcrypt.dll
0x00007ffa8b060000 - 0x00007ffa8b0cb000 	C:\Windows\System32\WS2_32.dll
0x00007ffa897c0000 - 0x00007ffa8980b000 	C:\Windows\SYSTEM32\POWRPROF.dll
0x00007ffa73ef0000 - 0x00007ffa73f17000 	C:\Windows\SYSTEM32\WINMM.dll
0x00007ffa80bb0000 - 0x00007ffa80bba000 	C:\Windows\SYSTEM32\VERSION.dll
0x00007ffa897a0000 - 0x00007ffa897b2000 	C:\Windows\SYSTEM32\UMPDC.dll
0x00007ffa88170000 - 0x00007ffa88182000 	C:\Windows\SYSTEM32\kernel.appcore.dll
0x00007ffa7ed80000 - 0x00007ffa7ed8a000 	c:\Users\123\.vscode\extensions\redhat.java-1.47.0-win32-x64\jre\21.0.8-win32-x86_64\bin\jimage.dll
0x00007ffa84660000 - 0x00007ffa84861000 	C:\Windows\SYSTEM32\DBGHELP.DLL
0x00007ffa712e0000 - 0x00007ffa71314000 	C:\Windows\SYSTEM32\dbgcore.DLL
0x00007ffa8a110000 - 0x00007ffa8a192000 	C:\Windows\System32\bcryptPrimitives.dll
0x00007ffa738c0000 - 0x00007ffa738cf000 	c:\Users\123\.vscode\extensions\redhat.java-1.47.0-win32-x64\jre\21.0.8-win32-x86_64\bin\instrument.dll
0x00007ffa68b00000 - 0x00007ffa68b1f000 	c:\Users\123\.vscode\extensions\redhat.java-1.47.0-win32-x64\jre\21.0.8-win32-x86_64\bin\java.dll
0x00007ffa687b0000 - 0x00007ffa687c8000 	c:\Users\123\.vscode\extensions\redhat.java-1.47.0-win32-x64\jre\21.0.8-win32-x86_64\bin\zip.dll

JVMTI agents:
c:\Users\123\.vscode\extensions\redhat.java-1.47.0-win32-x64\lombok\lombok-1.18.39-4050.jar path:none, loaded, not initialized, instrumentlib options:none

dbghelp: loaded successfully - version: 4.0.5 - missing functions: none
symbol engine: initialized successfully - sym options: 0x614 - pdb path: .;c:\Users\123\.vscode\extensions\redhat.java-1.47.0-win32-x64\jre\21.0.8-win32-x86_64\bin;C:\Windows\SYSTEM32;C:\Windows\WinSxS\amd64_microsoft.windows.common-controls_6595b64144ccf1df_6.0.19041.6456_none_60b8a6cb71f64256;c:\Users\123\.vscode\extensions\redhat.java-1.47.0-win32-x64\jre\21.0.8-win32-x86_64\bin\server

VM Arguments:
jvm_args: --add-modules=ALL-SYSTEM --add-opens=java.base/java.util=ALL-UNNAMED --add-opens=java.base/java.lang=ALL-UNNAMED --add-opens=java.base/sun.nio.fs=ALL-UNNAMED -Declipse.application=org.eclipse.jdt.ls.core.id1 -Dosgi.bundles.defaultStartLevel=4 -Declipse.product=org.eclipse.jdt.ls.core.product -Djava.import.generatesMetadataFilesAtProjectRoot=false -DDetectVMInstallationsJob.disabled=true -Dfile.encoding=utf8 -XX:+UseParallelGC -XX:GCTimeRatio=4 -XX:AdaptiveSizePolicyWeight=90 -Dsun.zip.disableMemoryMapping=true -Xmx2G -Xms100m -Xlog:disable -javaagent:c:\Users\123\.vscode\extensions\redhat.java-1.47.0-win32-x64\lombok\lombok-1.18.39-4050.jar -XX:+HeapDumpOnOutOfMemoryError -XX:HeapDumpPath=c:\Users\123\AppData\Roaming\Code\User\workspaceStorage\6efb7a6c82afd05b472d807927ea499a\redhat.java -Daether.dependencyCollector.impl=bf 
java_command: c:\Users\123\.vscode\extensions\redhat.java-1.47.0-win32-x64\server\plugins\org.eclipse.equinox.launcher_1.7.100.v20251014-1222.jar -configuration c:\Users\123\AppData\Roaming\Code\User\globalStorage\redhat.java\1.47.0\config_win -data c:\Users\123\AppData\Roaming\Code\User\workspaceStorage\6efb7a6c82afd05b472d807927ea499a\redhat.java\jdt_ws --pipe=\\.\pipe\lsp-4d80f705b35af02ded1ae20177926c6a-sock
java_class_path (initial): c:\Users\123\.vscode\extensions\redhat.java-1.47.0-win32-x64\server\plugins\org.eclipse.equinox.launcher_1.7.100.v20251014-1222.jar
Launcher Type: SUN_STANDARD

[Global flags]
    uintx AdaptiveSizePolicyWeight                 = 90                                        {product} {command line}
     intx CICompilerCount                          = 3                                         {product} {ergonomic}
    uintx GCTimeRatio                              = 4                                         {product} {command line}
     bool HeapDumpOnOutOfMemoryError               = true                                   {manageable} {command line}
    ccstr HeapDumpPath                             = c:\Users\123\AppData\Roaming\Code\User\workspaceStorage\6efb7a6c82afd05b472d807927ea499a\redhat.java         {manageable} {command line}
   size_t InitialHeapSize                          = 104857600                                 {product} {command line}
   size_t MaxHeapSize                              = 2147483648                                {product} {command line}
   size_t MaxNewSize                               = 715653120                                 {product} {ergonomic}
   size_t MinHeapDeltaBytes                        = 524288                                    {product} {ergonomic}
   size_t MinHeapSize                              = 104857600                                 {product} {command line}
   size_t NewSize                                  = 34603008                                  {product} {ergonomic}
    uintx NonNMethodCodeHeapSize                   = 5832780                                {pd product} {ergonomic}
    uintx NonProfiledCodeHeapSize                  = 122912730                              {pd product} {ergonomic}
   size_t OldSize                                  = 70254592                                  {product} {ergonomic}
    uintx ProfiledCodeHeapSize                     = 122912730                              {pd product} {ergonomic}
    uintx ReservedCodeCacheSize                    = 251658240                              {pd product} {ergonomic}
     bool SegmentedCodeCache                       = true                                      {product} {ergonomic}
   size_t SoftMaxHeapSize                          = 2147483648                             {manageable} {ergonomic}
     bool UseCompressedOops                        = true                           {product lp64_product} {ergonomic}
     bool UseLargePagesIndividualAllocation        = false                                  {pd product} {ergonomic}
     bool UseParallelGC                            = true                                      {product} {command line}

Logging:
Log output configuration:
 #0: stdout all=off uptime,level,tags foldmultilines=false
 #1: stderr all=off uptime,level,tags foldmultilines=false

Environment Variables:
JAVA_HOME=C:\Program Files\Java\jdk-17.0.15.6-hotspot
CLASSPATH=C:\Users\123\Desktop\ucanaccess\UCanAccess-5.0.1.bin\lib\commons-lang3-3.8.1.jar;C:\Users\123\Desktop\ucanaccess\UCanAccess-5.0.1.bin\lib\commons-logging-1.2.jar;C:\Users\123\Desktop\ucanaccess\UCanAccess-5.0.1.bin\lib\hsqldb-2.5.0.jar;C:\Users\123\Desktop\ucanaccess\UCanAccess-5.0.1.bin\lib\jackcess-3.0.1.jar;C:\Users\123\Desktop\ucanaccess\UCanAccess-5.0.1.bin\ucanaccess-5.0.1.jar;C:\Users\123\Desktop\mysql\mysql-connector-j-9.2.0\mysql-connector-j-9.2.0.jar;.;
PATH=C:\Program Files\Common Files\Oracle\Java\javapath;C:\Windows\system32;C:\Windows;C:\Windows\System32\Wbem;C:\Windows\System32\WindowsPowerShell\v1.0\;C:\Windows\System32\OpenSSH\;C:\Program Files\Java\jdk-23\bin;C:\Program Files\Git\cmd;C:\Program Files\Git\mingw64\bin;C:\Program Files\Git\usr\bin;C:\Program Files\Git\bin;C:\Users\123\Desktop\ucanaccess\UCanAccess-5.0.1.bin\net\ucanaccess\jdbc;C:\Program Files\MySQL\MySQL Shell 8.0\bin\;C:\Users\123\AppData\Local\Microsoft\WindowsApps;C:\Users\123\AppData\Local\Programs\Microsoft VS Code\bin;C:\Program Files\Java\jdk-17.0.15.6-hotspot\bin;;C:\Users\123\AppData\Local\JetBrains\IntelliJ IDEA 2025.1.2\bin;
USERNAME=123
OS=Windows_NT
PROCESSOR_IDENTIFIER=Intel64 Family 6 Model 78 Stepping 3, GenuineIntel
TMP=C:\Users\123\AppData\Local\Temp
TEMP=C:\Users\123\AppData\Local\Temp




Periodic native trim disabled

---------------  S Y S T E M  ---------------

OS:
 Windows 10 , 64 bit Build 19041 (10.0.19041.5915)
OS uptime: 2 days 9:06 hours

CPU: total 4 (initial active 4) (2 cores per cpu, 2 threads per core) family 6 model 78 stepping 3 microcode 0xcc, cx8, cmov, fxsr, ht, mmx, 3dnowpref, sse, sse2, sse3, ssse3, sse4.1, sse4.2, popcnt, lzcnt, tsc, tscinvbit, avx, avx2, aes, erms, clmul, bmi1, bmi2, rtm, adx, fma, vzeroupper, clflush, clflushopt, rdtscp, f16c
Processor Information for the first 4 processors :
  Max Mhz: 2496, Current Mhz: 2396, Mhz Limit: 2396

Memory: 4k page, system-wide physical 8072M (375M free)
TotalPageFile size 23306M (AvailPageFile size 0M)
current process WorkingSet (physical memory assigned to process): 16M, peak: 16M
current process commit charge ("private bytes"): 186M, peak: 191M

vm_info: OpenJDK 64-Bit Server VM (21.0.8+9-LTS) for windows-amd64 JRE (21.0.8+9-LTS), built on 2025-07-15T00:00:00Z by "admin" with MS VC++ 17.7 (VS2022)

END.
